2024-08-15T07:41:42.713+05:30  INFO 6112 --- [Interview-AI-Version2] [main] c.i.a.v2.InterviewAiVersion2Application  : Starting InterviewAiVersion2Application using Java 17.0.10 with PID 6112 (D:\Development\Java Development\August 2024\Interview-AI-Version2\target\classes started by ddsha in D:\Development\Java Development\August 2024\Interview-AI-Version2)
2024-08-15T07:41:42.722+05:30  INFO 6112 --- [Interview-AI-Version2] [main] c.i.a.v2.InterviewAiVersion2Application  : No active profile set, falling back to 1 default profile: "default"
2024-08-15T07:41:44.592+05:30  INFO 6112 --- [Interview-AI-Version2] [main] o.s.b.w.embedded.tomcat.TomcatWebServer  : Tomcat initialized with port 7171 (http)
2024-08-15T07:41:44.640+05:30  INFO 6112 --- [Interview-AI-Version2] [main] o.apache.catalina.core.StandardService   : Starting service [Tomcat]
2024-08-15T07:41:44.641+05:30  INFO 6112 --- [Interview-AI-Version2] [main] o.apache.catalina.core.StandardEngine    : Starting Servlet engine: [Apache Tomcat/10.1.26]
2024-08-15T07:41:44.734+05:30  INFO 6112 --- [Interview-AI-Version2] [main] o.a.c.c.C.[Tomcat].[localhost].[/]       : Initializing Spring embedded WebApplicationContext
2024-08-15T07:41:44.735+05:30  INFO 6112 --- [Interview-AI-Version2] [main] w.s.c.ServletWebServerApplicationContext : Root WebApplicationContext: initialization completed in 1900 ms
2024-08-15T07:41:44.968+05:30 DEBUG 6112 --- [Interview-AI-Version2] [main] o.s.w.s.s.s.WebSocketHandlerMapping      : Patterns [/ws/stream] in 'webSocketHandlerMapping'
2024-08-15T07:41:45.057+05:30  INFO 6112 --- [Interview-AI-Version2] [main] o.s.b.a.w.s.WelcomePageHandlerMapping    : Adding welcome page: class path resource [static/index.html]
2024-08-15T07:41:45.760+05:30  INFO 6112 --- [Interview-AI-Version2] [main] o.s.b.w.embedded.tomcat.TomcatWebServer  : Tomcat started on port 7171 (http) with context path '/'
2024-08-15T07:41:45.772+05:30  INFO 6112 --- [Interview-AI-Version2] [main] c.i.a.v2.InterviewAiVersion2Application  : Started InterviewAiVersion2Application in 3.979 seconds (process running for 5.12)
2024-08-15T07:46:53.437+05:30  INFO 9908 --- [Interview-AI-Version2] [main] c.i.a.v2.InterviewAiVersion2Application  : Starting InterviewAiVersion2Application using Java 17.0.10 with PID 9908 (D:\Development\Java Development\August 2024\Interview-AI-Version2\target\classes started by ddsha in D:\Development\Java Development\August 2024\Interview-AI-Version2)
2024-08-15T07:46:53.450+05:30  INFO 9908 --- [Interview-AI-Version2] [main] c.i.a.v2.InterviewAiVersion2Application  : No active profile set, falling back to 1 default profile: "default"
2024-08-15T07:46:55.553+05:30  INFO 9908 --- [Interview-AI-Version2] [main] o.s.b.w.embedded.tomcat.TomcatWebServer  : Tomcat initialized with port 7171 (http)
2024-08-15T07:46:55.573+05:30  INFO 9908 --- [Interview-AI-Version2] [main] o.apache.catalina.core.StandardService   : Starting service [Tomcat]
2024-08-15T07:46:55.573+05:30  INFO 9908 --- [Interview-AI-Version2] [main] o.apache.catalina.core.StandardEngine    : Starting Servlet engine: [Apache Tomcat/10.1.26]
2024-08-15T07:46:55.695+05:30  INFO 9908 --- [Interview-AI-Version2] [main] o.a.c.c.C.[Tomcat].[localhost].[/]       : Initializing Spring embedded WebApplicationContext
2024-08-15T07:46:55.696+05:30  INFO 9908 --- [Interview-AI-Version2] [main] w.s.c.ServletWebServerApplicationContext : Root WebApplicationContext: initialization completed in 2122 ms
2024-08-15T07:46:55.959+05:30 DEBUG 9908 --- [Interview-AI-Version2] [main] o.s.w.s.s.s.WebSocketHandlerMapping      : Patterns [/ws/stream] in 'webSocketHandlerMapping'
2024-08-15T07:46:56.042+05:30  INFO 9908 --- [Interview-AI-Version2] [main] o.s.b.a.w.s.WelcomePageHandlerMapping    : Adding welcome page: class path resource [static/index.html]
2024-08-15T07:46:56.563+05:30  INFO 9908 --- [Interview-AI-Version2] [main] o.s.b.w.embedded.tomcat.TomcatWebServer  : Tomcat started on port 7171 (http) with context path '/'
2024-08-15T07:46:56.597+05:30  INFO 9908 --- [Interview-AI-Version2] [main] c.i.a.v2.InterviewAiVersion2Application  : Started InterviewAiVersion2Application in 4.014 seconds (process running for 4.965)
2024-08-15T07:51:14.351+05:30  INFO 2988 --- [Interview-AI-Version2] [main] c.i.a.v2.InterviewAiVersion2Application  : Starting InterviewAiVersion2Application using Java 17.0.10 with PID 2988 (D:\Development\Java Development\August 2024\Interview-AI-Version2\target\classes started by ddsha in D:\Development\Java Development\August 2024\Interview-AI-Version2)
2024-08-15T07:51:14.355+05:30  INFO 2988 --- [Interview-AI-Version2] [main] c.i.a.v2.InterviewAiVersion2Application  : No active profile set, falling back to 1 default profile: "default"
2024-08-15T07:51:16.033+05:30  INFO 2988 --- [Interview-AI-Version2] [main] o.s.b.w.embedded.tomcat.TomcatWebServer  : Tomcat initialized with port 7171 (http)
2024-08-15T07:51:16.049+05:30  INFO 2988 --- [Interview-AI-Version2] [main] o.apache.catalina.core.StandardService   : Starting service [Tomcat]
2024-08-15T07:51:16.049+05:30  INFO 2988 --- [Interview-AI-Version2] [main] o.apache.catalina.core.StandardEngine    : Starting Servlet engine: [Apache Tomcat/10.1.26]
2024-08-15T07:51:16.126+05:30  INFO 2988 --- [Interview-AI-Version2] [main] o.a.c.c.C.[Tomcat].[localhost].[/]       : Initializing Spring embedded WebApplicationContext
2024-08-15T07:51:16.127+05:30  INFO 2988 --- [Interview-AI-Version2] [main] w.s.c.ServletWebServerApplicationContext : Root WebApplicationContext: initialization completed in 1697 ms
2024-08-15T07:51:16.268+05:30 DEBUG 2988 --- [Interview-AI-Version2] [main] o.s.w.s.s.s.WebSocketHandlerMapping      : Patterns [/ws/stream] in 'webSocketHandlerMapping'
2024-08-15T07:51:16.325+05:30  INFO 2988 --- [Interview-AI-Version2] [main] o.s.b.a.w.s.WelcomePageHandlerMapping    : Adding welcome page: class path resource [static/index.html]
2024-08-15T07:51:16.708+05:30  INFO 2988 --- [Interview-AI-Version2] [main] o.s.b.w.embedded.tomcat.TomcatWebServer  : Tomcat started on port 7171 (http) with context path '/'
2024-08-15T07:51:16.726+05:30  INFO 2988 --- [Interview-AI-Version2] [main] c.i.a.v2.InterviewAiVersion2Application  : Started InterviewAiVersion2Application in 3.041 seconds (process running for 3.847)
2024-08-15T07:51:29.638+05:30  INFO 2988 --- [Interview-AI-Version2] [http-nio-7171-exec-1] o.a.c.c.C.[Tomcat].[localhost].[/]       : Initializing Spring DispatcherServlet 'dispatcherServlet'
2024-08-15T07:51:29.638+05:30  INFO 2988 --- [Interview-AI-Version2] [http-nio-7171-exec-1] o.s.web.servlet.DispatcherServlet        : Initializing Servlet 'dispatcherServlet'
2024-08-15T07:51:29.640+05:30  INFO 2988 --- [Interview-AI-Version2] [http-nio-7171-exec-1] o.s.web.servlet.DispatcherServlet        : Completed initialization in 2 ms
2024-08-15T07:51:29.674+05:30 DEBUG 2988 --- [Interview-AI-Version2] [http-nio-7171-exec-1] o.s.w.s.s.s.WebSocketHandlerMapping      : Mapped to org.springframework.web.socket.server.support.WebSocketHttpRequestHandler@72f9f27c
2024-08-15T07:51:29.694+05:30 DEBUG 2988 --- [Interview-AI-Version2] [http-nio-7171-exec-1] o.s.w.s.s.s.WebSocketHttpRequestHandler  : GET /ws/stream
2024-08-15T07:51:29.849+05:30 DEBUG 2988 --- [Interview-AI-Version2] [http-nio-7171-exec-1] s.w.s.h.LoggingWebSocketHandlerDecorator : New StandardWebSocketSession[id=08b5626f-dbc4-d999-8a46-6818d0a853f4, uri=ws://localhost:7171/ws/stream]
2024-08-15T07:51:55.639+05:30 DEBUG 2988 --- [Interview-AI-Version2] [http-nio-7171-exec-3] s.w.s.h.LoggingWebSocketHandlerDecorator : StandardWebSocketSession[id=08b5626f-dbc4-d999-8a46-6818d0a853f4, uri=ws://localhost:7171/ws/stream] closed with CloseStatus[code=1009, reason=No async message support and buffer too small. Buffer size: [8,192], Message size: [115,233]]
2024-08-15T07:58:16.392+05:30  INFO 2776 --- [Interview-AI-Version2] [main] c.i.a.v2.InterviewAiVersion2Application  : Starting InterviewAiVersion2Application using Java 17.0.10 with PID 2776 (D:\Development\Java Development\August 2024\Interview-AI-Version2\target\classes started by ddsha in D:\Development\Java Development\August 2024\Interview-AI-Version2)
2024-08-15T07:58:16.398+05:30  INFO 2776 --- [Interview-AI-Version2] [main] c.i.a.v2.InterviewAiVersion2Application  : No active profile set, falling back to 1 default profile: "default"
2024-08-15T07:58:17.881+05:30  INFO 2776 --- [Interview-AI-Version2] [main] o.s.b.w.embedded.tomcat.TomcatWebServer  : Tomcat initialized with port 7171 (http)
2024-08-15T07:58:17.899+05:30  INFO 2776 --- [Interview-AI-Version2] [main] o.apache.catalina.core.StandardService   : Starting service [Tomcat]
2024-08-15T07:58:17.900+05:30  INFO 2776 --- [Interview-AI-Version2] [main] o.apache.catalina.core.StandardEngine    : Starting Servlet engine: [Apache Tomcat/10.1.26]
2024-08-15T07:58:17.983+05:30  INFO 2776 --- [Interview-AI-Version2] [main] o.a.c.c.C.[Tomcat].[localhost].[/]       : Initializing Spring embedded WebApplicationContext
2024-08-15T07:58:17.984+05:30  INFO 2776 --- [Interview-AI-Version2] [main] w.s.c.ServletWebServerApplicationContext : Root WebApplicationContext: initialization completed in 1507 ms
2024-08-15T07:58:18.177+05:30 DEBUG 2776 --- [Interview-AI-Version2] [main] o.s.w.s.s.s.WebSocketHandlerMapping      : Patterns [/ws/stream] in 'webSocketHandlerMapping'
2024-08-15T07:58:18.259+05:30  INFO 2776 --- [Interview-AI-Version2] [main] o.s.b.a.w.s.WelcomePageHandlerMapping    : Adding welcome page: class path resource [static/index.html]
2024-08-15T07:58:18.679+05:30  INFO 2776 --- [Interview-AI-Version2] [main] o.s.b.w.embedded.tomcat.TomcatWebServer  : Tomcat started on port 7171 (http) with context path '/'
2024-08-15T07:58:18.696+05:30  INFO 2776 --- [Interview-AI-Version2] [main] c.i.a.v2.InterviewAiVersion2Application  : Started InterviewAiVersion2Application in 2.951 seconds (process running for 3.865)
2024-08-15T07:58:30.253+05:30  INFO 2776 --- [Interview-AI-Version2] [http-nio-7171-exec-1] o.a.c.c.C.[Tomcat].[localhost].[/]       : Initializing Spring DispatcherServlet 'dispatcherServlet'
2024-08-15T07:58:30.255+05:30  INFO 2776 --- [Interview-AI-Version2] [http-nio-7171-exec-1] o.s.web.servlet.DispatcherServlet        : Initializing Servlet 'dispatcherServlet'
2024-08-15T07:58:30.257+05:30  INFO 2776 --- [Interview-AI-Version2] [http-nio-7171-exec-1] o.s.web.servlet.DispatcherServlet        : Completed initialization in 2 ms
2024-08-15T07:58:30.294+05:30 DEBUG 2776 --- [Interview-AI-Version2] [http-nio-7171-exec-1] o.s.w.s.s.s.WebSocketHandlerMapping      : Mapped to org.springframework.web.socket.server.support.WebSocketHttpRequestHandler@53b7ce6
2024-08-15T07:58:30.312+05:30 DEBUG 2776 --- [Interview-AI-Version2] [http-nio-7171-exec-1] o.s.w.s.s.s.WebSocketHttpRequestHandler  : GET /ws/stream
2024-08-15T07:58:30.409+05:30 DEBUG 2776 --- [Interview-AI-Version2] [http-nio-7171-exec-1] s.w.s.h.LoggingWebSocketHandlerDecorator : New StandardWebSocketSession[id=42586fe9-4a9d-284b-6b85-a608817e5b5c, uri=ws://localhost:7171/ws/stream]
2024-08-15T07:59:08.770+05:30 DEBUG 2776 --- [Interview-AI-Version2] [http-nio-7171-exec-3] s.w.s.h.LoggingWebSocketHandlerDecorator : StandardWebSocketSession[id=42586fe9-4a9d-284b-6b85-a608817e5b5c, uri=ws://localhost:7171/ws/stream] closed with CloseStatus[code=1009, reason=No async message support and buffer too small. Buffer size: [8,192], Message size: [115,253]]
2024-08-15T08:00:44.399+05:30  INFO 12684 --- [Interview-AI-Version2] [main] c.i.a.v2.InterviewAiVersion2Application  : Starting InterviewAiVersion2Application using Java 17.0.10 with PID 12684 (D:\Development\Java Development\August 2024\Interview-AI-Version2\target\classes started by ddsha in D:\Development\Java Development\August 2024\Interview-AI-Version2)
2024-08-15T08:00:44.403+05:30  INFO 12684 --- [Interview-AI-Version2] [main] c.i.a.v2.InterviewAiVersion2Application  : No active profile set, falling back to 1 default profile: "default"
2024-08-15T08:00:46.156+05:30  INFO 12684 --- [Interview-AI-Version2] [main] o.s.b.w.embedded.tomcat.TomcatWebServer  : Tomcat initialized with port 7171 (http)
2024-08-15T08:00:46.171+05:30  INFO 12684 --- [Interview-AI-Version2] [main] o.apache.catalina.core.StandardService   : Starting service [Tomcat]
2024-08-15T08:00:46.171+05:30  INFO 12684 --- [Interview-AI-Version2] [main] o.apache.catalina.core.StandardEngine    : Starting Servlet engine: [Apache Tomcat/10.1.26]
2024-08-15T08:00:46.277+05:30  INFO 12684 --- [Interview-AI-Version2] [main] o.a.c.c.C.[Tomcat].[localhost].[/]       : Initializing Spring embedded WebApplicationContext
2024-08-15T08:00:46.278+05:30  INFO 12684 --- [Interview-AI-Version2] [main] w.s.c.ServletWebServerApplicationContext : Root WebApplicationContext: initialization completed in 1804 ms
2024-08-15T08:00:46.498+05:30 DEBUG 12684 --- [Interview-AI-Version2] [main] o.s.w.s.s.s.WebSocketHandlerMapping      : Patterns [/ws/stream] in 'webSocketHandlerMapping'
2024-08-15T08:00:46.576+05:30  INFO 12684 --- [Interview-AI-Version2] [main] o.s.b.a.w.s.WelcomePageHandlerMapping    : Adding welcome page: class path resource [static/index.html]
2024-08-15T08:00:47.002+05:30  INFO 12684 --- [Interview-AI-Version2] [main] o.s.b.w.embedded.tomcat.TomcatWebServer  : Tomcat started on port 7171 (http) with context path '/'
2024-08-15T08:00:47.018+05:30  INFO 12684 --- [Interview-AI-Version2] [main] c.i.a.v2.InterviewAiVersion2Application  : Started InterviewAiVersion2Application in 3.266 seconds (process running for 4.043)
2024-08-15T08:01:22.011+05:30  INFO 12684 --- [Interview-AI-Version2] [http-nio-7171-exec-1] o.a.c.c.C.[Tomcat].[localhost].[/]       : Initializing Spring DispatcherServlet 'dispatcherServlet'
2024-08-15T08:01:22.012+05:30  INFO 12684 --- [Interview-AI-Version2] [http-nio-7171-exec-1] o.s.web.servlet.DispatcherServlet        : Initializing Servlet 'dispatcherServlet'
2024-08-15T08:01:22.015+05:30  INFO 12684 --- [Interview-AI-Version2] [http-nio-7171-exec-1] o.s.web.servlet.DispatcherServlet        : Completed initialization in 3 ms
2024-08-15T08:01:22.046+05:30 DEBUG 12684 --- [Interview-AI-Version2] [http-nio-7171-exec-1] o.s.w.s.s.s.WebSocketHandlerMapping      : Mapped to org.springframework.web.socket.server.support.WebSocketHttpRequestHandler@5e7c141d
2024-08-15T08:01:22.064+05:30 DEBUG 12684 --- [Interview-AI-Version2] [http-nio-7171-exec-1] o.s.w.s.s.s.WebSocketHttpRequestHandler  : GET /ws/stream
2024-08-15T08:01:22.149+05:30 DEBUG 12684 --- [Interview-AI-Version2] [http-nio-7171-exec-1] s.w.s.h.LoggingWebSocketHandlerDecorator : New StandardWebSocketSession[id=2d54721d-d395-423b-a378-4a6b10776b0d, uri=ws://localhost:7171/ws/stream]
2024-08-15T08:01:42.357+05:30 DEBUG 12684 --- [Interview-AI-Version2] [http-nio-7171-exec-3] s.w.s.h.LoggingWebSocketHandlerDecorator : StandardWebSocketSession[id=2d54721d-d395-423b-a378-4a6b10776b0d, uri=ws://localhost:7171/ws/stream] closed with CloseStatus[code=1009, reason=No async message support and buffer too small. Buffer size: [8,192], Message size: [115,246]]
2024-08-15T09:07:01.543+05:30  INFO 296 --- [Interview-AI-Version2] [main] c.i.a.v2.InterviewAiVersion2Application  : Starting InterviewAiVersion2Application using Java 17.0.10 with PID 296 (D:\Development\Java Development\August 2024\Interview-AI-Version2\target\classes started by ddsha in D:\Development\Java Development\August 2024\Interview-AI-Version2)
2024-08-15T09:07:01.548+05:30  INFO 296 --- [Interview-AI-Version2] [main] c.i.a.v2.InterviewAiVersion2Application  : No active profile set, falling back to 1 default profile: "default"
2024-08-15T09:07:03.659+05:30  INFO 296 --- [Interview-AI-Version2] [main] o.s.b.w.embedded.tomcat.TomcatWebServer  : Tomcat initialized with port 7171 (http)
2024-08-15T09:07:03.696+05:30  INFO 296 --- [Interview-AI-Version2] [main] o.apache.catalina.core.StandardService   : Starting service [Tomcat]
2024-08-15T09:07:03.697+05:30  INFO 296 --- [Interview-AI-Version2] [main] o.apache.catalina.core.StandardEngine    : Starting Servlet engine: [Apache Tomcat/10.1.26]
2024-08-15T09:07:03.911+05:30  INFO 296 --- [Interview-AI-Version2] [main] o.a.c.c.C.[Tomcat].[localhost].[/]       : Initializing Spring embedded WebApplicationContext
2024-08-15T09:07:03.913+05:30  INFO 296 --- [Interview-AI-Version2] [main] w.s.c.ServletWebServerApplicationContext : Root WebApplicationContext: initialization completed in 2283 ms
2024-08-15T09:07:04.259+05:30 DEBUG 296 --- [Interview-AI-Version2] [main] o.s.w.s.s.s.WebSocketHandlerMapping      : Patterns [/ws/stream] in 'webSocketHandlerMapping'
2024-08-15T09:07:04.438+05:30  INFO 296 --- [Interview-AI-Version2] [main] o.s.b.a.w.s.WelcomePageHandlerMapping    : Adding welcome page: class path resource [static/index.html]
2024-08-15T09:07:05.185+05:30  INFO 296 --- [Interview-AI-Version2] [main] o.s.b.w.embedded.tomcat.TomcatWebServer  : Tomcat started on port 7171 (http) with context path '/'
2024-08-15T09:07:05.210+05:30  INFO 296 --- [Interview-AI-Version2] [main] c.i.a.v2.InterviewAiVersion2Application  : Started InterviewAiVersion2Application in 4.365 seconds (process running for 5.277)
2024-08-15T09:09:47.269+05:30  INFO 296 --- [Interview-AI-Version2] [http-nio-7171-exec-1] o.a.c.c.C.[Tomcat].[localhost].[/]       : Initializing Spring DispatcherServlet 'dispatcherServlet'
2024-08-15T09:09:47.270+05:30  INFO 296 --- [Interview-AI-Version2] [http-nio-7171-exec-1] o.s.web.servlet.DispatcherServlet        : Initializing Servlet 'dispatcherServlet'
2024-08-15T09:09:47.272+05:30  INFO 296 --- [Interview-AI-Version2] [http-nio-7171-exec-1] o.s.web.servlet.DispatcherServlet        : Completed initialization in 2 ms
2024-08-15T09:09:47.301+05:30 DEBUG 296 --- [Interview-AI-Version2] [http-nio-7171-exec-1] o.s.w.s.s.s.WebSocketHandlerMapping      : Mapped to org.springframework.web.socket.server.support.WebSocketHttpRequestHandler@97d0c06
2024-08-15T09:09:47.319+05:30 DEBUG 296 --- [Interview-AI-Version2] [http-nio-7171-exec-1] o.s.w.s.s.s.WebSocketHttpRequestHandler  : GET /ws/stream
2024-08-15T09:09:47.427+05:30 DEBUG 296 --- [Interview-AI-Version2] [http-nio-7171-exec-1] s.w.s.h.LoggingWebSocketHandlerDecorator : New StandardWebSocketSession[id=958169ef-f720-e295-4c94-1107260947b2, uri=ws://localhost:7171/ws/stream]
2024-08-15T09:10:12.185+05:30 DEBUG 296 --- [Interview-AI-Version2] [http-nio-7171-exec-3] s.w.s.h.LoggingWebSocketHandlerDecorator : StandardWebSocketSession[id=958169ef-f720-e295-4c94-1107260947b2, uri=ws://localhost:7171/ws/stream] closed with CloseStatus[code=1009, reason=No async message support and buffer too small. Buffer size: [200,000], Message size: [100,300]]
2024-08-15T09:29:45.725+05:30  INFO 25664 --- [Interview-AI-Version2] [main] c.i.a.v2.InterviewAiVersion2Application  : Starting InterviewAiVersion2Application using Java 17.0.10 with PID 25664 (D:\Development\Java Development\August 2024\Interview-AI-Version2\target\classes started by ddsha in D:\Development\Java Development\August 2024\Interview-AI-Version2)
2024-08-15T09:29:45.730+05:30  INFO 25664 --- [Interview-AI-Version2] [main] c.i.a.v2.InterviewAiVersion2Application  : No active profile set, falling back to 1 default profile: "default"
2024-08-15T09:29:46.756+05:30  INFO 25664 --- [Interview-AI-Version2] [main] o.s.b.w.embedded.tomcat.TomcatWebServer  : Tomcat initialized with port 7171 (http)
2024-08-15T09:29:46.768+05:30  INFO 25664 --- [Interview-AI-Version2] [main] o.apache.catalina.core.StandardService   : Starting service [Tomcat]
2024-08-15T09:29:46.769+05:30  INFO 25664 --- [Interview-AI-Version2] [main] o.apache.catalina.core.StandardEngine    : Starting Servlet engine: [Apache Tomcat/10.1.26]
2024-08-15T09:29:46.827+05:30  INFO 25664 --- [Interview-AI-Version2] [main] o.a.c.c.C.[Tomcat].[localhost].[/]       : Initializing Spring embedded WebApplicationContext
2024-08-15T09:29:46.827+05:30  INFO 25664 --- [Interview-AI-Version2] [main] w.s.c.ServletWebServerApplicationContext : Root WebApplicationContext: initialization completed in 1025 ms
2024-08-15T09:29:46.940+05:30 DEBUG 25664 --- [Interview-AI-Version2] [main] o.s.w.s.s.s.WebSocketHandlerMapping      : Patterns [/ws/stream] in 'webSocketHandlerMapping'
2024-08-15T09:29:46.984+05:30  INFO 25664 --- [Interview-AI-Version2] [main] o.s.b.a.w.s.WelcomePageHandlerMapping    : Adding welcome page: class path resource [static/index.html]
2024-08-15T09:29:47.210+05:30  INFO 25664 --- [Interview-AI-Version2] [main] o.s.b.w.embedded.tomcat.TomcatWebServer  : Tomcat started on port 7171 (http) with context path '/'
2024-08-15T09:29:47.224+05:30  INFO 25664 --- [Interview-AI-Version2] [main] c.i.a.v2.InterviewAiVersion2Application  : Started InterviewAiVersion2Application in 2.188 seconds (process running for 3.087)
2024-08-15T10:17:10.934+05:30  INFO 25664 --- [Interview-AI-Version2] [http-nio-7171-exec-1] o.a.c.c.C.[Tomcat].[localhost].[/]       : Initializing Spring DispatcherServlet 'dispatcherServlet'
2024-08-15T10:17:10.936+05:30  INFO 25664 --- [Interview-AI-Version2] [http-nio-7171-exec-1] o.s.web.servlet.DispatcherServlet        : Initializing Servlet 'dispatcherServlet'
2024-08-15T10:17:10.939+05:30  INFO 25664 --- [Interview-AI-Version2] [http-nio-7171-exec-1] o.s.web.servlet.DispatcherServlet        : Completed initialization in 3 ms
2024-08-15T10:17:10.968+05:30 DEBUG 25664 --- [Interview-AI-Version2] [http-nio-7171-exec-1] o.s.w.s.s.s.WebSocketHandlerMapping      : Mapped to org.springframework.web.socket.server.support.WebSocketHttpRequestHandler@6540cf1d
2024-08-15T10:17:10.988+05:30 DEBUG 25664 --- [Interview-AI-Version2] [http-nio-7171-exec-1] o.s.w.s.s.s.WebSocketHttpRequestHandler  : GET /ws/stream
2024-08-15T10:17:11.127+05:30 DEBUG 25664 --- [Interview-AI-Version2] [http-nio-7171-exec-1] s.w.s.h.LoggingWebSocketHandlerDecorator : New StandardWebSocketSession[id=18780d92-9b2c-8fd0-276f-f0ecbf75f217, uri=ws://localhost:7171/ws/stream]
2024-08-15T10:17:36.254+05:30 DEBUG 25664 --- [Interview-AI-Version2] [http-nio-7171-exec-2] s.w.s.h.LoggingWebSocketHandlerDecorator : StandardWebSocketSession[id=18780d92-9b2c-8fd0-276f-f0ecbf75f217, uri=ws://localhost:7171/ws/stream] closed with CloseStatus[code=1009, reason=No async message support and buffer too small. Buffer size: [200,000], Message size: [131,747]]
2024-08-15T10:18:41.868+05:30  INFO 24008 --- [Interview-AI-Version2] [main] c.i.a.v2.InterviewAiVersion2Application  : Starting InterviewAiVersion2Application using Java 17.0.10 with PID 24008 (D:\Development\Java Development\August 2024\Interview-AI-Version2\target\classes started by ddsha in D:\Development\Java Development\August 2024\Interview-AI-Version2)
2024-08-15T10:18:41.874+05:30  INFO 24008 --- [Interview-AI-Version2] [main] c.i.a.v2.InterviewAiVersion2Application  : No active profile set, falling back to 1 default profile: "default"
2024-08-15T10:18:43.749+05:30  INFO 24008 --- [Interview-AI-Version2] [main] o.s.b.w.embedded.tomcat.TomcatWebServer  : Tomcat initialized with port 7171 (http)
2024-08-15T10:18:43.773+05:30  INFO 24008 --- [Interview-AI-Version2] [main] o.apache.catalina.core.StandardService   : Starting service [Tomcat]
2024-08-15T10:18:43.773+05:30  INFO 24008 --- [Interview-AI-Version2] [main] o.apache.catalina.core.StandardEngine    : Starting Servlet engine: [Apache Tomcat/10.1.26]
2024-08-15T10:18:43.912+05:30  INFO 24008 --- [Interview-AI-Version2] [main] o.a.c.c.C.[Tomcat].[localhost].[/]       : Initializing Spring embedded WebApplicationContext
2024-08-15T10:18:43.912+05:30  INFO 24008 --- [Interview-AI-Version2] [main] w.s.c.ServletWebServerApplicationContext : Root WebApplicationContext: initialization completed in 1949 ms
2024-08-15T10:18:44.089+05:30 DEBUG 24008 --- [Interview-AI-Version2] [main] o.s.w.s.s.s.WebSocketHandlerMapping      : Patterns [/ws/stream] in 'webSocketHandlerMapping'
2024-08-15T10:18:44.294+05:30  INFO 24008 --- [Interview-AI-Version2] [main] o.s.b.a.w.s.WelcomePageHandlerMapping    : Adding welcome page: class path resource [static/index.html]
2024-08-15T10:18:44.955+05:30  INFO 24008 --- [Interview-AI-Version2] [main] o.s.b.w.embedded.tomcat.TomcatWebServer  : Tomcat started on port 7171 (http) with context path '/'
2024-08-15T10:18:44.969+05:30  INFO 24008 --- [Interview-AI-Version2] [main] c.i.a.v2.InterviewAiVersion2Application  : Started InterviewAiVersion2Application in 3.82 seconds (process running for 4.668)
2024-08-15T10:18:55.029+05:30  INFO 24008 --- [Interview-AI-Version2] [http-nio-7171-exec-1] o.a.c.c.C.[Tomcat].[localhost].[/]       : Initializing Spring DispatcherServlet 'dispatcherServlet'
2024-08-15T10:18:55.030+05:30  INFO 24008 --- [Interview-AI-Version2] [http-nio-7171-exec-1] o.s.web.servlet.DispatcherServlet        : Initializing Servlet 'dispatcherServlet'
2024-08-15T10:18:55.031+05:30  INFO 24008 --- [Interview-AI-Version2] [http-nio-7171-exec-1] o.s.web.servlet.DispatcherServlet        : Completed initialization in 1 ms
2024-08-15T10:18:55.051+05:30 DEBUG 24008 --- [Interview-AI-Version2] [http-nio-7171-exec-1] o.s.w.s.s.s.WebSocketHandlerMapping      : Mapped to org.springframework.web.socket.server.support.WebSocketHttpRequestHandler@6540cf1d
2024-08-15T10:18:55.063+05:30 DEBUG 24008 --- [Interview-AI-Version2] [http-nio-7171-exec-1] o.s.w.s.s.s.WebSocketHttpRequestHandler  : GET /ws/stream
2024-08-15T10:18:55.116+05:30 DEBUG 24008 --- [Interview-AI-Version2] [http-nio-7171-exec-1] s.w.s.h.LoggingWebSocketHandlerDecorator : New StandardWebSocketSession[id=6058735e-1592-faa1-dd00-d92efd90d31f, uri=ws://localhost:7171/ws/stream]
2024-08-15T10:19:12.506+05:30 DEBUG 24008 --- [Interview-AI-Version2] [http-nio-7171-exec-2] s.w.s.h.LoggingWebSocketHandlerDecorator : StandardWebSocketSession[id=6058735e-1592-faa1-dd00-d92efd90d31f, uri=ws://localhost:7171/ws/stream] closed with CloseStatus[code=1001, reason=null]
2024-08-15T10:19:14.766+05:30 DEBUG 24008 --- [Interview-AI-Version2] [http-nio-7171-exec-3] o.s.w.s.s.s.WebSocketHandlerMapping      : Mapped to org.springframework.web.socket.server.support.WebSocketHttpRequestHandler@6540cf1d
2024-08-15T10:19:14.769+05:30 DEBUG 24008 --- [Interview-AI-Version2] [http-nio-7171-exec-3] o.s.w.s.s.s.WebSocketHttpRequestHandler  : GET /ws/stream
2024-08-15T10:19:14.779+05:30 DEBUG 24008 --- [Interview-AI-Version2] [http-nio-7171-exec-3] s.w.s.h.LoggingWebSocketHandlerDecorator : New StandardWebSocketSession[id=e7419266-013f-9b20-2062-7c38bf8e289a, uri=ws://localhost:7171/ws/stream]
2024-08-15T10:19:32.790+05:30 DEBUG 24008 --- [Interview-AI-Version2] [http-nio-7171-exec-4] s.w.s.h.LoggingWebSocketHandlerDecorator : StandardWebSocketSession[id=e7419266-013f-9b20-2062-7c38bf8e289a, uri=ws://localhost:7171/ws/stream] closed with CloseStatus[code=1009, reason=No async message support and buffer too small. Buffer size: [100,000], Message size: [115,268]]
2024-08-15T10:21:12.307+05:30  INFO 24800 --- [Interview-AI-Version2] [main] c.i.a.v2.InterviewAiVersion2Application  : Starting InterviewAiVersion2Application using Java 17.0.10 with PID 24800 (D:\Development\Java Development\August 2024\Interview-AI-Version2\target\classes started by ddsha in D:\Development\Java Development\August 2024\Interview-AI-Version2)
2024-08-15T10:21:12.313+05:30  INFO 24800 --- [Interview-AI-Version2] [main] c.i.a.v2.InterviewAiVersion2Application  : No active profile set, falling back to 1 default profile: "default"
2024-08-15T10:21:13.817+05:30  INFO 24800 --- [Interview-AI-Version2] [main] o.s.b.w.embedded.tomcat.TomcatWebServer  : Tomcat initialized with port 7171 (http)
2024-08-15T10:21:13.838+05:30  INFO 24800 --- [Interview-AI-Version2] [main] o.apache.catalina.core.StandardService   : Starting service [Tomcat]
2024-08-15T10:21:13.839+05:30  INFO 24800 --- [Interview-AI-Version2] [main] o.apache.catalina.core.StandardEngine    : Starting Servlet engine: [Apache Tomcat/10.1.26]
2024-08-15T10:21:13.942+05:30  INFO 24800 --- [Interview-AI-Version2] [main] o.a.c.c.C.[Tomcat].[localhost].[/]       : Initializing Spring embedded WebApplicationContext
2024-08-15T10:21:13.942+05:30  INFO 24800 --- [Interview-AI-Version2] [main] w.s.c.ServletWebServerApplicationContext : Root WebApplicationContext: initialization completed in 1555 ms
2024-08-15T10:21:14.154+05:30 DEBUG 24800 --- [Interview-AI-Version2] [main] o.s.w.s.s.s.WebSocketHandlerMapping      : Patterns [/ws/stream] in 'webSocketHandlerMapping'
2024-08-15T10:21:14.267+05:30  INFO 24800 --- [Interview-AI-Version2] [main] o.s.b.a.w.s.WelcomePageHandlerMapping    : Adding welcome page: class path resource [static/index.html]
2024-08-15T10:21:14.818+05:30  INFO 24800 --- [Interview-AI-Version2] [main] o.s.b.w.embedded.tomcat.TomcatWebServer  : Tomcat started on port 7171 (http) with context path '/'
2024-08-15T10:21:14.834+05:30  INFO 24800 --- [Interview-AI-Version2] [main] c.i.a.v2.InterviewAiVersion2Application  : Started InterviewAiVersion2Application in 3.258 seconds (process running for 4.156)
2024-08-15T10:22:22.812+05:30  INFO 24800 --- [Interview-AI-Version2] [http-nio-7171-exec-1] o.a.c.c.C.[Tomcat].[localhost].[/]       : Initializing Spring DispatcherServlet 'dispatcherServlet'
2024-08-15T10:22:22.813+05:30  INFO 24800 --- [Interview-AI-Version2] [http-nio-7171-exec-1] o.s.web.servlet.DispatcherServlet        : Initializing Servlet 'dispatcherServlet'
2024-08-15T10:22:22.817+05:30  INFO 24800 --- [Interview-AI-Version2] [http-nio-7171-exec-1] o.s.web.servlet.DispatcherServlet        : Completed initialization in 2 ms
2024-08-15T10:22:22.860+05:30 DEBUG 24800 --- [Interview-AI-Version2] [http-nio-7171-exec-1] o.s.w.s.s.s.WebSocketHandlerMapping      : Mapped to org.springframework.web.socket.server.support.WebSocketHttpRequestHandler@6540cf1d
2024-08-15T10:22:22.881+05:30 DEBUG 24800 --- [Interview-AI-Version2] [http-nio-7171-exec-1] o.s.w.s.s.s.WebSocketHttpRequestHandler  : GET /ws/stream
2024-08-15T10:22:22.985+05:30 DEBUG 24800 --- [Interview-AI-Version2] [http-nio-7171-exec-1] s.w.s.h.LoggingWebSocketHandlerDecorator : New StandardWebSocketSession[id=51b0ca2c-c81c-f3b8-592e-843a8a8a2536, uri=ws://localhost:7171/ws/stream]
2024-08-15T10:22:38.291+05:30 DEBUG 24800 --- [Interview-AI-Version2] [http-nio-7171-exec-2] s.w.s.h.LoggingWebSocketHandlerDecorator : StandardWebSocketSession[id=51b0ca2c-c81c-f3b8-592e-843a8a8a2536, uri=ws://localhost:7171/ws/stream] closed with CloseStatus[code=1009, reason=No async message support and buffer too small. Buffer size: [150,000], Message size: [74,839]]
2024-08-15T12:01:50.137+05:30  INFO 21512 --- [Interview-AI-Version2] [main] c.i.a.v2.InterviewAiVersion2Application  : Starting InterviewAiVersion2Application using Java 17.0.10 with PID 21512 (D:\Development\Java Development\August 2024\Interview-AI-Version2\target\classes started by ddsha in D:\Development\Java Development\August 2024\Interview-AI-Version2)
2024-08-15T12:01:50.141+05:30  INFO 21512 --- [Interview-AI-Version2] [main] c.i.a.v2.InterviewAiVersion2Application  : No active profile set, falling back to 1 default profile: "default"
2024-08-15T12:01:51.154+05:30  INFO 21512 --- [Interview-AI-Version2] [main] o.s.b.w.embedded.tomcat.TomcatWebServer  : Tomcat initialized with port 7171 (http)
2024-08-15T12:01:51.167+05:30  INFO 21512 --- [Interview-AI-Version2] [main] o.apache.catalina.core.StandardService   : Starting service [Tomcat]
2024-08-15T12:01:51.167+05:30  INFO 21512 --- [Interview-AI-Version2] [main] o.apache.catalina.core.StandardEngine    : Starting Servlet engine: [Apache Tomcat/10.1.26]
2024-08-15T12:01:51.233+05:30  INFO 21512 --- [Interview-AI-Version2] [main] o.a.c.c.C.[Tomcat].[localhost].[/]       : Initializing Spring embedded WebApplicationContext
2024-08-15T12:01:51.233+05:30  INFO 21512 --- [Interview-AI-Version2] [main] w.s.c.ServletWebServerApplicationContext : Root WebApplicationContext: initialization completed in 1035 ms
2024-08-15T12:01:51.338+05:30 DEBUG 21512 --- [Interview-AI-Version2] [main] o.s.w.s.s.s.WebSocketHandlerMapping      : Patterns [/ws/stream] in 'webSocketHandlerMapping'
2024-08-15T12:01:51.378+05:30  INFO 21512 --- [Interview-AI-Version2] [main] o.s.b.a.w.s.WelcomePageHandlerMapping    : Adding welcome page: class path resource [static/index.html]
2024-08-15T12:01:51.630+05:30  INFO 21512 --- [Interview-AI-Version2] [main] o.s.b.w.embedded.tomcat.TomcatWebServer  : Tomcat started on port 7171 (http) with context path '/'
2024-08-15T12:01:51.638+05:30  INFO 21512 --- [Interview-AI-Version2] [main] c.i.a.v2.InterviewAiVersion2Application  : Started InterviewAiVersion2Application in 2.082 seconds (process running for 2.761)
2024-08-15T12:01:56.107+05:30  INFO 21512 --- [Interview-AI-Version2] [http-nio-7171-exec-1] o.a.c.c.C.[Tomcat].[localhost].[/]       : Initializing Spring DispatcherServlet 'dispatcherServlet'
2024-08-15T12:01:56.107+05:30  INFO 21512 --- [Interview-AI-Version2] [http-nio-7171-exec-1] o.s.web.servlet.DispatcherServlet        : Initializing Servlet 'dispatcherServlet'
2024-08-15T12:01:56.108+05:30  INFO 21512 --- [Interview-AI-Version2] [http-nio-7171-exec-1] o.s.web.servlet.DispatcherServlet        : Completed initialization in 0 ms
2024-08-15T12:01:56.126+05:30 DEBUG 21512 --- [Interview-AI-Version2] [http-nio-7171-exec-1] o.s.w.s.s.s.WebSocketHandlerMapping      : Mapped to org.springframework.web.socket.server.support.WebSocketHttpRequestHandler@762637be
2024-08-15T12:01:56.136+05:30 DEBUG 21512 --- [Interview-AI-Version2] [http-nio-7171-exec-1] o.s.w.s.s.s.WebSocketHttpRequestHandler  : GET /ws/stream
2024-08-15T12:01:56.183+05:30 DEBUG 21512 --- [Interview-AI-Version2] [http-nio-7171-exec-1] s.w.s.h.LoggingWebSocketHandlerDecorator : New StandardWebSocketSession[id=e3f9568f-fe34-1a39-6f05-3cd3299f1926, uri=ws://localhost:7171/ws/stream]
2024-08-15T12:02:14.777+05:30 DEBUG 21512 --- [Interview-AI-Version2] [http-nio-7171-exec-2] s.w.s.h.LoggingWebSocketHandlerDecorator : StandardWebSocketSession[id=e3f9568f-fe34-1a39-6f05-3cd3299f1926, uri=ws://localhost:7171/ws/stream] closed with CloseStatus[code=1009, reason=No async message support and buffer too small. Buffer size: [150,000], Message size: [131,789]]
2024-08-15T12:13:41.475+05:30  INFO 27000 --- [Interview-AI-Version2] [main] c.i.a.v2.InterviewAiVersion2Application  : Starting InterviewAiVersion2Application using Java 17.0.10 with PID 27000 (D:\Development\Java Development\August 2024\Interview-AI-Version2\target\classes started by ddsha in D:\Development\Java Development\August 2024\Interview-AI-Version2)
2024-08-15T12:13:41.479+05:30  INFO 27000 --- [Interview-AI-Version2] [main] c.i.a.v2.InterviewAiVersion2Application  : No active profile set, falling back to 1 default profile: "default"
2024-08-15T12:13:42.527+05:30  INFO 27000 --- [Interview-AI-Version2] [main] o.s.b.w.embedded.tomcat.TomcatWebServer  : Tomcat initialized with port 7171 (http)
2024-08-15T12:13:42.538+05:30  INFO 27000 --- [Interview-AI-Version2] [main] o.apache.catalina.core.StandardService   : Starting service [Tomcat]
2024-08-15T12:13:42.538+05:30  INFO 27000 --- [Interview-AI-Version2] [main] o.apache.catalina.core.StandardEngine    : Starting Servlet engine: [Apache Tomcat/10.1.26]
2024-08-15T12:13:42.585+05:30  INFO 27000 --- [Interview-AI-Version2] [main] o.a.c.c.C.[Tomcat].[localhost].[/]       : Initializing Spring embedded WebApplicationContext
2024-08-15T12:13:42.586+05:30  INFO 27000 --- [Interview-AI-Version2] [main] w.s.c.ServletWebServerApplicationContext : Root WebApplicationContext: initialization completed in 1031 ms
2024-08-15T12:13:42.692+05:30 DEBUG 27000 --- [Interview-AI-Version2] [main] o.s.w.s.s.s.WebSocketHandlerMapping      : Patterns [/ws/stream] in 'webSocketHandlerMapping'
2024-08-15T12:13:42.731+05:30  INFO 27000 --- [Interview-AI-Version2] [main] o.s.b.a.w.s.WelcomePageHandlerMapping    : Adding welcome page: class path resource [static/index.html]
2024-08-15T12:13:42.950+05:30  INFO 27000 --- [Interview-AI-Version2] [main] o.s.b.w.embedded.tomcat.TomcatWebServer  : Tomcat started on port 7171 (http) with context path '/'
2024-08-15T12:13:42.959+05:30  INFO 27000 --- [Interview-AI-Version2] [main] c.i.a.v2.InterviewAiVersion2Application  : Started InterviewAiVersion2Application in 2.152 seconds (process running for 2.733)
2024-08-15T12:14:17.045+05:30  INFO 27000 --- [Interview-AI-Version2] [http-nio-7171-exec-2] o.a.c.c.C.[Tomcat].[localhost].[/]       : Initializing Spring DispatcherServlet 'dispatcherServlet'
2024-08-15T12:14:17.045+05:30  INFO 27000 --- [Interview-AI-Version2] [http-nio-7171-exec-2] o.s.web.servlet.DispatcherServlet        : Initializing Servlet 'dispatcherServlet'
2024-08-15T12:14:17.047+05:30  INFO 27000 --- [Interview-AI-Version2] [http-nio-7171-exec-2] o.s.web.servlet.DispatcherServlet        : Completed initialization in 1 ms
2024-08-15T12:14:17.064+05:30 DEBUG 27000 --- [Interview-AI-Version2] [http-nio-7171-exec-2] o.s.w.s.s.s.WebSocketHandlerMapping      : Mapped to org.springframework.web.socket.server.support.WebSocketHttpRequestHandler@517a2b0
2024-08-15T12:14:17.073+05:30 DEBUG 27000 --- [Interview-AI-Version2] [http-nio-7171-exec-2] o.s.w.s.s.s.WebSocketHttpRequestHandler  : GET /ws/stream
2024-08-15T12:14:17.111+05:30 DEBUG 27000 --- [Interview-AI-Version2] [http-nio-7171-exec-2] s.w.s.h.LoggingWebSocketHandlerDecorator : New StandardWebSocketSession[id=c82f205d-5cfd-83fd-10c3-dc9ab55dc174, uri=ws://localhost:7171/ws/stream]
2024-08-15T12:16:05.267+05:30 DEBUG 27000 --- [Interview-AI-Version2] [http-nio-7171-exec-3] s.w.s.h.LoggingWebSocketHandlerDecorator : StandardWebSocketSession[id=c82f205d-5cfd-83fd-10c3-dc9ab55dc174, uri=ws://localhost:7171/ws/stream] closed with CloseStatus[code=1001, reason=null]
2024-08-15T12:16:07.034+05:30 DEBUG 27000 --- [Interview-AI-Version2] [http-nio-7171-exec-4] o.s.w.s.s.s.WebSocketHandlerMapping      : Mapped to org.springframework.web.socket.server.support.WebSocketHttpRequestHandler@517a2b0
2024-08-15T12:16:07.034+05:30 DEBUG 27000 --- [Interview-AI-Version2] [http-nio-7171-exec-4] o.s.w.s.s.s.WebSocketHttpRequestHandler  : GET /ws/stream
2024-08-15T12:16:07.036+05:30 DEBUG 27000 --- [Interview-AI-Version2] [http-nio-7171-exec-4] s.w.s.h.LoggingWebSocketHandlerDecorator : New StandardWebSocketSession[id=c39179ff-e8ed-f52a-4f7e-ced9d40ca50d, uri=ws://localhost:7171/ws/stream]
2024-08-15T12:16:19.885+05:30 DEBUG 27000 --- [Interview-AI-Version2] [http-nio-7171-exec-5] s.w.s.h.LoggingWebSocketHandlerDecorator : StandardWebSocketSession[id=c39179ff-e8ed-f52a-4f7e-ced9d40ca50d, uri=ws://localhost:7171/ws/stream] closed with CloseStatus[code=1001, reason=null]
2024-08-15T12:16:21.923+05:30 DEBUG 27000 --- [Interview-AI-Version2] [http-nio-7171-exec-6] o.s.w.s.s.s.WebSocketHandlerMapping      : Mapped to org.springframework.web.socket.server.support.WebSocketHttpRequestHandler@517a2b0
2024-08-15T12:16:21.924+05:30 DEBUG 27000 --- [Interview-AI-Version2] [http-nio-7171-exec-6] o.s.w.s.s.s.WebSocketHttpRequestHandler  : GET /ws/stream
2024-08-15T12:16:21.925+05:30 DEBUG 27000 --- [Interview-AI-Version2] [http-nio-7171-exec-6] s.w.s.h.LoggingWebSocketHandlerDecorator : New StandardWebSocketSession[id=c0604d0b-3d5d-5927-5b7e-958826abb865, uri=ws://localhost:7171/ws/stream]
2024-08-15T12:16:35.287+05:30 DEBUG 27000 --- [Interview-AI-Version2] [http-nio-7171-exec-7] s.w.s.h.LoggingWebSocketHandlerDecorator : StandardWebSocketSession[id=c0604d0b-3d5d-5927-5b7e-958826abb865, uri=ws://localhost:7171/ws/stream] closed with CloseStatus[code=1001, reason=null]
2024-08-15T12:17:30.402+05:30 DEBUG 27000 --- [Interview-AI-Version2] [http-nio-7171-exec-8] o.s.w.s.s.s.WebSocketHandlerMapping      : Mapped to org.springframework.web.socket.server.support.WebSocketHttpRequestHandler@517a2b0
2024-08-15T12:17:30.402+05:30 DEBUG 27000 --- [Interview-AI-Version2] [http-nio-7171-exec-8] o.s.w.s.s.s.WebSocketHttpRequestHandler  : GET /ws/stream
2024-08-15T12:17:30.404+05:30 DEBUG 27000 --- [Interview-AI-Version2] [http-nio-7171-exec-8] s.w.s.h.LoggingWebSocketHandlerDecorator : New StandardWebSocketSession[id=139de710-4ebc-fede-a8a6-b004e5873d1b, uri=ws://localhost:7171/ws/stream]
2024-08-15T12:21:47.535+05:30 DEBUG 27000 --- [Interview-AI-Version2] [http-nio-7171-exec-1] s.w.s.h.LoggingWebSocketHandlerDecorator : StandardWebSocketSession[id=139de710-4ebc-fede-a8a6-b004e5873d1b, uri=ws://localhost:7171/ws/stream] closed with CloseStatus[code=1001, reason=null]
2024-08-15T12:25:03.202+05:30  INFO 21036 --- [Interview-AI-Version2] [main] c.i.a.v2.InterviewAiVersion2Application  : Starting InterviewAiVersion2Application using Java 17.0.10 with PID 21036 (D:\Development\Java Development\August 2024\Interview-AI-Version2\target\classes started by ddsha in D:\Development\Java Development\August 2024\Interview-AI-Version2)
2024-08-15T12:25:03.207+05:30  INFO 21036 --- [Interview-AI-Version2] [main] c.i.a.v2.InterviewAiVersion2Application  : No active profile set, falling back to 1 default profile: "default"
2024-08-15T12:25:04.245+05:30  INFO 21036 --- [Interview-AI-Version2] [main] o.s.b.w.embedded.tomcat.TomcatWebServer  : Tomcat initialized with port 7171 (http)
2024-08-15T12:25:04.255+05:30  INFO 21036 --- [Interview-AI-Version2] [main] o.apache.catalina.core.StandardService   : Starting service [Tomcat]
2024-08-15T12:25:04.256+05:30  INFO 21036 --- [Interview-AI-Version2] [main] o.apache.catalina.core.StandardEngine    : Starting Servlet engine: [Apache Tomcat/10.1.26]
2024-08-15T12:25:04.317+05:30  INFO 21036 --- [Interview-AI-Version2] [main] o.a.c.c.C.[Tomcat].[localhost].[/]       : Initializing Spring embedded WebApplicationContext
2024-08-15T12:25:04.317+05:30  INFO 21036 --- [Interview-AI-Version2] [main] w.s.c.ServletWebServerApplicationContext : Root WebApplicationContext: initialization completed in 1045 ms
2024-08-15T12:25:04.427+05:30 DEBUG 21036 --- [Interview-AI-Version2] [main] o.s.w.s.s.s.WebSocketHandlerMapping      : Patterns [/ws/stream] in 'webSocketHandlerMapping'
2024-08-15T12:25:04.488+05:30  INFO 21036 --- [Interview-AI-Version2] [main] o.s.b.a.w.s.WelcomePageHandlerMapping    : Adding welcome page: class path resource [static/index.html]
2024-08-15T12:25:04.729+05:30  INFO 21036 --- [Interview-AI-Version2] [main] o.s.b.w.embedded.tomcat.TomcatWebServer  : Tomcat started on port 7171 (http) with context path '/'
2024-08-15T12:25:04.737+05:30  INFO 21036 --- [Interview-AI-Version2] [main] c.i.a.v2.InterviewAiVersion2Application  : Started InterviewAiVersion2Application in 2.338 seconds (process running for 2.979)
2024-08-15T12:27:02.750+05:30  INFO 24752 --- [Interview-AI-Version2] [main] c.i.a.v2.InterviewAiVersion2Application  : Starting InterviewAiVersion2Application using Java 17.0.10 with PID 24752 (D:\Development\Java Development\August 2024\Interview-AI-Version2\target\classes started by ddsha in D:\Development\Java Development\August 2024\Interview-AI-Version2)
2024-08-15T12:27:02.753+05:30  INFO 24752 --- [Interview-AI-Version2] [main] c.i.a.v2.InterviewAiVersion2Application  : No active profile set, falling back to 1 default profile: "default"
2024-08-15T12:27:03.780+05:30  INFO 24752 --- [Interview-AI-Version2] [main] o.s.b.w.embedded.tomcat.TomcatWebServer  : Tomcat initialized with port 7171 (http)
2024-08-15T12:27:03.794+05:30  INFO 24752 --- [Interview-AI-Version2] [main] o.apache.catalina.core.StandardService   : Starting service [Tomcat]
2024-08-15T12:27:03.794+05:30  INFO 24752 --- [Interview-AI-Version2] [main] o.apache.catalina.core.StandardEngine    : Starting Servlet engine: [Apache Tomcat/10.1.26]
2024-08-15T12:27:03.848+05:30  INFO 24752 --- [Interview-AI-Version2] [main] o.a.c.c.C.[Tomcat].[localhost].[/]       : Initializing Spring embedded WebApplicationContext
2024-08-15T12:27:03.848+05:30  INFO 24752 --- [Interview-AI-Version2] [main] w.s.c.ServletWebServerApplicationContext : Root WebApplicationContext: initialization completed in 1028 ms
2024-08-15T12:27:03.942+05:30 DEBUG 24752 --- [Interview-AI-Version2] [main] o.s.w.s.s.s.WebSocketHandlerMapping      : Patterns [/ws/stream] in 'webSocketHandlerMapping'
2024-08-15T12:27:03.978+05:30  INFO 24752 --- [Interview-AI-Version2] [main] o.s.b.a.w.s.WelcomePageHandlerMapping    : Adding welcome page: class path resource [static/index.html]
2024-08-15T12:27:04.238+05:30  INFO 24752 --- [Interview-AI-Version2] [main] o.s.b.w.embedded.tomcat.TomcatWebServer  : Tomcat started on port 7171 (http) with context path '/'
2024-08-15T12:27:04.251+05:30  INFO 24752 --- [Interview-AI-Version2] [main] c.i.a.v2.InterviewAiVersion2Application  : Started InterviewAiVersion2Application in 2.464 seconds (process running for 3.277)
2024-08-15T12:31:01.191+05:30  INFO 21900 --- [Interview-AI-Version2] [main] c.i.a.v2.InterviewAiVersion2Application  : Starting InterviewAiVersion2Application using Java 17.0.10 with PID 21900 (D:\Development\Java Development\August 2024\Interview-AI-Version2\target\classes started by ddsha in D:\Development\Java Development\August 2024\Interview-AI-Version2)
2024-08-15T12:31:01.196+05:30  INFO 21900 --- [Interview-AI-Version2] [main] c.i.a.v2.InterviewAiVersion2Application  : No active profile set, falling back to 1 default profile: "default"
2024-08-15T12:31:02.180+05:30  INFO 21900 --- [Interview-AI-Version2] [main] o.s.b.w.embedded.tomcat.TomcatWebServer  : Tomcat initialized with port 7171 (http)
2024-08-15T12:31:02.191+05:30  INFO 21900 --- [Interview-AI-Version2] [main] o.apache.catalina.core.StandardService   : Starting service [Tomcat]
2024-08-15T12:31:02.192+05:30  INFO 21900 --- [Interview-AI-Version2] [main] o.apache.catalina.core.StandardEngine    : Starting Servlet engine: [Apache Tomcat/10.1.26]
2024-08-15T12:31:02.241+05:30  INFO 21900 --- [Interview-AI-Version2] [main] o.a.c.c.C.[Tomcat].[localhost].[/]       : Initializing Spring embedded WebApplicationContext
2024-08-15T12:31:02.241+05:30  INFO 21900 --- [Interview-AI-Version2] [main] w.s.c.ServletWebServerApplicationContext : Root WebApplicationContext: initialization completed in 969 ms
2024-08-15T12:31:02.342+05:30 DEBUG 21900 --- [Interview-AI-Version2] [main] o.s.w.s.s.s.WebSocketHandlerMapping      : Patterns [/ws/stream] in 'webSocketHandlerMapping'
2024-08-15T12:31:02.379+05:30  INFO 21900 --- [Interview-AI-Version2] [main] o.s.b.a.w.s.WelcomePageHandlerMapping    : Adding welcome page: class path resource [static/index.html]
2024-08-15T12:31:02.590+05:30  INFO 21900 --- [Interview-AI-Version2] [main] o.s.b.w.embedded.tomcat.TomcatWebServer  : Tomcat started on port 7171 (http) with context path '/'
2024-08-15T12:31:02.598+05:30  INFO 21900 --- [Interview-AI-Version2] [main] c.i.a.v2.InterviewAiVersion2Application  : Started InterviewAiVersion2Application in 2.209 seconds (process running for 2.973)
2024-08-15T12:34:15.384+05:30  INFO 21900 --- [Interview-AI-Version2] [http-nio-7171-exec-1] o.a.c.c.C.[Tomcat].[localhost].[/]       : Initializing Spring DispatcherServlet 'dispatcherServlet'
2024-08-15T12:34:15.385+05:30  INFO 21900 --- [Interview-AI-Version2] [http-nio-7171-exec-1] o.s.web.servlet.DispatcherServlet        : Initializing Servlet 'dispatcherServlet'
2024-08-15T12:34:15.386+05:30  INFO 21900 --- [Interview-AI-Version2] [http-nio-7171-exec-1] o.s.web.servlet.DispatcherServlet        : Completed initialization in 1 ms
2024-08-15T12:34:15.402+05:30 DEBUG 21900 --- [Interview-AI-Version2] [http-nio-7171-exec-1] o.s.w.s.s.s.WebSocketHandlerMapping      : Mapped to org.springframework.web.socket.server.support.WebSocketHttpRequestHandler@27d33393
2024-08-15T12:34:15.414+05:30 DEBUG 21900 --- [Interview-AI-Version2] [http-nio-7171-exec-1] o.s.w.s.s.s.WebSocketHttpRequestHandler  : GET /ws/stream
2024-08-15T12:34:15.453+05:30 DEBUG 21900 --- [Interview-AI-Version2] [http-nio-7171-exec-1] s.w.s.h.LoggingWebSocketHandlerDecorator : New StandardWebSocketSession[id=67eaa2eb-eae4-ae55-739b-a9a41610417e, uri=ws://localhost:7171/ws/stream]
2024-08-15T12:39:36.008+05:30 DEBUG 21900 --- [Interview-AI-Version2] [http-nio-7171-exec-6] s.w.s.h.LoggingWebSocketHandlerDecorator : StandardWebSocketSession[id=67eaa2eb-eae4-ae55-739b-a9a41610417e, uri=ws://localhost:7171/ws/stream] closed with CloseStatus[code=1001, reason=null]
2024-08-15T12:39:37.953+05:30 DEBUG 21900 --- [Interview-AI-Version2] [http-nio-7171-exec-4] o.s.w.s.s.s.WebSocketHandlerMapping      : Mapped to org.springframework.web.socket.server.support.WebSocketHttpRequestHandler@27d33393
2024-08-15T12:39:37.953+05:30 DEBUG 21900 --- [Interview-AI-Version2] [http-nio-7171-exec-4] o.s.w.s.s.s.WebSocketHttpRequestHandler  : GET /ws/stream
2024-08-15T12:39:37.955+05:30 DEBUG 21900 --- [Interview-AI-Version2] [http-nio-7171-exec-4] s.w.s.h.LoggingWebSocketHandlerDecorator : New StandardWebSocketSession[id=37e3ab7d-baea-dd80-5aa6-d0c0380917a8, uri=ws://localhost:7171/ws/stream]
2024-08-15T12:40:12.925+05:30 DEBUG 21900 --- [Interview-AI-Version2] [http-nio-7171-exec-7] s.w.s.h.LoggingWebSocketHandlerDecorator : StandardWebSocketSession[id=37e3ab7d-baea-dd80-5aa6-d0c0380917a8, uri=ws://localhost:7171/ws/stream] closed with CloseStatus[code=1001, reason=null]
2024-08-15T12:40:20.217+05:30 DEBUG 21900 --- [Interview-AI-Version2] [http-nio-7171-exec-3] o.s.w.s.s.s.WebSocketHandlerMapping      : Mapped to org.springframework.web.socket.server.support.WebSocketHttpRequestHandler@27d33393
2024-08-15T12:40:20.218+05:30 DEBUG 21900 --- [Interview-AI-Version2] [http-nio-7171-exec-3] o.s.w.s.s.s.WebSocketHttpRequestHandler  : GET /ws/stream
2024-08-15T12:40:20.219+05:30 DEBUG 21900 --- [Interview-AI-Version2] [http-nio-7171-exec-3] s.w.s.h.LoggingWebSocketHandlerDecorator : New StandardWebSocketSession[id=1270c9f3-c196-c5d4-8112-b3ce4c2ee9dc, uri=ws://localhost:7171/ws/stream]
2024-08-15T12:41:31.176+05:30 DEBUG 21900 --- [Interview-AI-Version2] [http-nio-7171-exec-9] s.w.s.h.LoggingWebSocketHandlerDecorator : StandardWebSocketSession[id=1270c9f3-c196-c5d4-8112-b3ce4c2ee9dc, uri=ws://localhost:7171/ws/stream] closed with CloseStatus[code=1001, reason=null]
2024-08-15T12:41:34.543+05:30 DEBUG 21900 --- [Interview-AI-Version2] [http-nio-7171-exec-10] o.s.w.s.s.s.WebSocketHandlerMapping      : Mapped to org.springframework.web.socket.server.support.WebSocketHttpRequestHandler@27d33393
2024-08-15T12:41:34.544+05:30 DEBUG 21900 --- [Interview-AI-Version2] [http-nio-7171-exec-10] o.s.w.s.s.s.WebSocketHttpRequestHandler  : GET /ws/stream
2024-08-15T12:41:34.546+05:30 DEBUG 21900 --- [Interview-AI-Version2] [http-nio-7171-exec-10] s.w.s.h.LoggingWebSocketHandlerDecorator : New StandardWebSocketSession[id=a24e271c-2865-c485-bbc3-957e997a9763, uri=ws://localhost:7171/ws/stream]
2024-08-15T13:06:01.984+05:30 DEBUG 21900 --- [Interview-AI-Version2] [http-nio-7171-exec-2] s.w.s.h.LoggingWebSocketHandlerDecorator : StandardWebSocketSession[id=a24e271c-2865-c485-bbc3-957e997a9763, uri=ws://localhost:7171/ws/stream] closed with CloseStatus[code=1001, reason=null]
2024-08-15T13:06:08.468+05:30 DEBUG 21900 --- [Interview-AI-Version2] [http-nio-7171-exec-6] o.s.w.s.s.s.WebSocketHandlerMapping      : Mapped to org.springframework.web.socket.server.support.WebSocketHttpRequestHandler@27d33393
2024-08-15T13:06:08.469+05:30 DEBUG 21900 --- [Interview-AI-Version2] [http-nio-7171-exec-6] o.s.w.s.s.s.WebSocketHttpRequestHandler  : GET /ws/stream
2024-08-15T13:06:08.471+05:30 DEBUG 21900 --- [Interview-AI-Version2] [http-nio-7171-exec-6] s.w.s.h.LoggingWebSocketHandlerDecorator : New StandardWebSocketSession[id=aab98401-2f92-0a4c-89fe-562fa7ba6244, uri=ws://localhost:7171/ws/stream]
2024-08-15T13:18:20.961+05:30 DEBUG 21900 --- [Interview-AI-Version2] [http-nio-7171-exec-5] s.w.s.h.LoggingWebSocketHandlerDecorator : StandardWebSocketSession[id=aab98401-2f92-0a4c-89fe-562fa7ba6244, uri=ws://localhost:7171/ws/stream] closed with CloseStatus[code=1001, reason=null]
2024-08-15T13:18:22.358+05:30 DEBUG 21900 --- [Interview-AI-Version2] [http-nio-7171-exec-7] o.s.w.s.s.s.WebSocketHandlerMapping      : Mapped to org.springframework.web.socket.server.support.WebSocketHttpRequestHandler@27d33393
2024-08-15T13:18:22.359+05:30 DEBUG 21900 --- [Interview-AI-Version2] [http-nio-7171-exec-7] o.s.w.s.s.s.WebSocketHttpRequestHandler  : GET /ws/stream
2024-08-15T13:18:22.362+05:30 DEBUG 21900 --- [Interview-AI-Version2] [http-nio-7171-exec-7] s.w.s.h.LoggingWebSocketHandlerDecorator : New StandardWebSocketSession[id=7e57485b-98d9-426f-afbd-6ba946f41cbe, uri=ws://localhost:7171/ws/stream]
2024-08-15T13:19:27.017+05:30 DEBUG 21900 --- [Interview-AI-Version2] [http-nio-7171-exec-8] s.w.s.h.LoggingWebSocketHandlerDecorator : StandardWebSocketSession[id=7e57485b-98d9-426f-afbd-6ba946f41cbe, uri=ws://localhost:7171/ws/stream] closed with CloseStatus[code=1001, reason=null]
2024-08-15T13:19:28.571+05:30 DEBUG 21900 --- [Interview-AI-Version2] [http-nio-7171-exec-9] o.s.w.s.s.s.WebSocketHandlerMapping      : Mapped to org.springframework.web.socket.server.support.WebSocketHttpRequestHandler@27d33393
2024-08-15T13:19:28.571+05:30 DEBUG 21900 --- [Interview-AI-Version2] [http-nio-7171-exec-9] o.s.w.s.s.s.WebSocketHttpRequestHandler  : GET /ws/stream
2024-08-15T13:19:28.574+05:30 DEBUG 21900 --- [Interview-AI-Version2] [http-nio-7171-exec-9] s.w.s.h.LoggingWebSocketHandlerDecorator : New StandardWebSocketSession[id=b41b404c-4548-fd8c-034d-e40dd5caa9c1, uri=ws://localhost:7171/ws/stream]
2024-08-15T13:27:52.275+05:30 DEBUG 21900 --- [Interview-AI-Version2] [http-nio-7171-exec-1] s.w.s.h.LoggingWebSocketHandlerDecorator : StandardWebSocketSession[id=b41b404c-4548-fd8c-034d-e40dd5caa9c1, uri=ws://localhost:7171/ws/stream] closed with CloseStatus[code=1001, reason=null]
2024-08-15T13:27:54.674+05:30 DEBUG 21900 --- [Interview-AI-Version2] [http-nio-7171-exec-2] o.s.w.s.s.s.WebSocketHandlerMapping      : Mapped to org.springframework.web.socket.server.support.WebSocketHttpRequestHandler@27d33393
2024-08-15T13:27:54.675+05:30 DEBUG 21900 --- [Interview-AI-Version2] [http-nio-7171-exec-2] o.s.w.s.s.s.WebSocketHttpRequestHandler  : GET /ws/stream
2024-08-15T13:27:54.679+05:30 DEBUG 21900 --- [Interview-AI-Version2] [http-nio-7171-exec-2] s.w.s.h.LoggingWebSocketHandlerDecorator : New StandardWebSocketSession[id=1c1011b9-1f04-c3ad-883d-9f93c0636aa2, uri=ws://localhost:7171/ws/stream]
2024-08-15T13:28:43.069+05:30 DEBUG 21900 --- [Interview-AI-Version2] [http-nio-7171-exec-4] s.w.s.h.LoggingWebSocketHandlerDecorator : StandardWebSocketSession[id=1c1011b9-1f04-c3ad-883d-9f93c0636aa2, uri=ws://localhost:7171/ws/stream] closed with CloseStatus[code=1001, reason=null]
2024-08-15T13:28:45.279+05:30 DEBUG 21900 --- [Interview-AI-Version2] [http-nio-7171-exec-5] o.s.w.s.s.s.WebSocketHandlerMapping      : Mapped to org.springframework.web.socket.server.support.WebSocketHttpRequestHandler@27d33393
2024-08-15T13:28:45.279+05:30 DEBUG 21900 --- [Interview-AI-Version2] [http-nio-7171-exec-5] o.s.w.s.s.s.WebSocketHttpRequestHandler  : GET /ws/stream
2024-08-15T13:28:45.280+05:30 DEBUG 21900 --- [Interview-AI-Version2] [http-nio-7171-exec-5] s.w.s.h.LoggingWebSocketHandlerDecorator : New StandardWebSocketSession[id=ec382677-3a2e-c459-ba06-af3f4a8fe479, uri=ws://localhost:7171/ws/stream]
2024-08-15T13:30:48.440+05:30 DEBUG 21900 --- [Interview-AI-Version2] [http-nio-7171-exec-3] s.w.s.h.LoggingWebSocketHandlerDecorator : StandardWebSocketSession[id=ec382677-3a2e-c459-ba06-af3f4a8fe479, uri=ws://localhost:7171/ws/stream] closed with CloseStatus[code=1001, reason=null]
2024-08-15T13:31:54.114+05:30 DEBUG 21900 --- [Interview-AI-Version2] [http-nio-7171-exec-8] o.s.w.s.s.s.WebSocketHandlerMapping      : Mapped to org.springframework.web.socket.server.support.WebSocketHttpRequestHandler@27d33393
2024-08-15T13:31:54.114+05:30 DEBUG 21900 --- [Interview-AI-Version2] [http-nio-7171-exec-8] o.s.w.s.s.s.WebSocketHttpRequestHandler  : GET /ws/stream
2024-08-15T13:31:54.115+05:30 DEBUG 21900 --- [Interview-AI-Version2] [http-nio-7171-exec-8] s.w.s.h.LoggingWebSocketHandlerDecorator : New StandardWebSocketSession[id=3f082d76-3643-7f19-2be9-67a18c39adeb, uri=ws://localhost:7171/ws/stream]
2024-08-15T13:32:52.401+05:30 DEBUG 21900 --- [Interview-AI-Version2] [http-nio-7171-exec-10] s.w.s.h.LoggingWebSocketHandlerDecorator : StandardWebSocketSession[id=3f082d76-3643-7f19-2be9-67a18c39adeb, uri=ws://localhost:7171/ws/stream] closed with CloseStatus[code=1001, reason=null]
2024-08-15T13:32:54.049+05:30 DEBUG 21900 --- [Interview-AI-Version2] [http-nio-7171-exec-1] o.s.w.s.s.s.WebSocketHandlerMapping      : Mapped to org.springframework.web.socket.server.support.WebSocketHttpRequestHandler@27d33393
2024-08-15T13:32:54.049+05:30 DEBUG 21900 --- [Interview-AI-Version2] [http-nio-7171-exec-1] o.s.w.s.s.s.WebSocketHttpRequestHandler  : GET /ws/stream
2024-08-15T13:32:54.052+05:30 DEBUG 21900 --- [Interview-AI-Version2] [http-nio-7171-exec-1] s.w.s.h.LoggingWebSocketHandlerDecorator : New StandardWebSocketSession[id=c0142174-e89d-d32a-4ee6-d033bc679a70, uri=ws://localhost:7171/ws/stream]
2024-08-15T13:33:19.156+05:30 DEBUG 21900 --- [Interview-AI-Version2] [http-nio-7171-exec-6] s.w.s.h.LoggingWebSocketHandlerDecorator : StandardWebSocketSession[id=c0142174-e89d-d32a-4ee6-d033bc679a70, uri=ws://localhost:7171/ws/stream] closed with CloseStatus[code=1001, reason=null]
2024-08-15T13:33:21.965+05:30 DEBUG 21900 --- [Interview-AI-Version2] [http-nio-7171-exec-4] o.s.w.s.s.s.WebSocketHandlerMapping      : Mapped to org.springframework.web.socket.server.support.WebSocketHttpRequestHandler@27d33393
2024-08-15T13:33:21.966+05:30 DEBUG 21900 --- [Interview-AI-Version2] [http-nio-7171-exec-4] o.s.w.s.s.s.WebSocketHttpRequestHandler  : GET /ws/stream
2024-08-15T13:33:21.967+05:30 DEBUG 21900 --- [Interview-AI-Version2] [http-nio-7171-exec-4] s.w.s.h.LoggingWebSocketHandlerDecorator : New StandardWebSocketSession[id=a207d05d-3800-e715-92e1-8be6b245c105, uri=ws://localhost:7171/ws/stream]
2024-08-15T13:34:45.623+05:30 DEBUG 21900 --- [Interview-AI-Version2] [http-nio-7171-exec-7] s.w.s.h.LoggingWebSocketHandlerDecorator : StandardWebSocketSession[id=a207d05d-3800-e715-92e1-8be6b245c105, uri=ws://localhost:7171/ws/stream] closed with CloseStatus[code=1001, reason=null]
2024-08-15T13:34:54.916+05:30 DEBUG 21900 --- [Interview-AI-Version2] [http-nio-7171-exec-3] o.s.w.s.s.s.WebSocketHandlerMapping      : Mapped to org.springframework.web.socket.server.support.WebSocketHttpRequestHandler@27d33393
2024-08-15T13:34:54.917+05:30 DEBUG 21900 --- [Interview-AI-Version2] [http-nio-7171-exec-3] o.s.w.s.s.s.WebSocketHttpRequestHandler  : GET /ws/stream
2024-08-15T13:34:54.919+05:30 DEBUG 21900 --- [Interview-AI-Version2] [http-nio-7171-exec-3] s.w.s.h.LoggingWebSocketHandlerDecorator : New StandardWebSocketSession[id=d3f5d9fe-4c46-6041-b23e-f654a80709c1, uri=ws://localhost:7171/ws/stream]
2024-08-15T16:34:49.263+05:30 DEBUG 21900 --- [Interview-AI-Version2] [http-nio-7171-exec-1] s.w.s.h.LoggingWebSocketHandlerDecorator : StandardWebSocketSession[id=d3f5d9fe-4c46-6041-b23e-f654a80709c1, uri=ws://localhost:7171/ws/stream] closed with CloseStatus[code=1001, reason=null]
2024-08-15T16:34:56.623+05:30 DEBUG 21900 --- [Interview-AI-Version2] [http-nio-7171-exec-2] o.s.w.s.s.s.WebSocketHandlerMapping      : Mapped to org.springframework.web.socket.server.support.WebSocketHttpRequestHandler@27d33393
2024-08-15T16:34:56.624+05:30 DEBUG 21900 --- [Interview-AI-Version2] [http-nio-7171-exec-2] o.s.w.s.s.s.WebSocketHttpRequestHandler  : GET /ws/stream
2024-08-15T16:34:56.628+05:30 DEBUG 21900 --- [Interview-AI-Version2] [http-nio-7171-exec-2] s.w.s.h.LoggingWebSocketHandlerDecorator : New StandardWebSocketSession[id=7098c153-e5a7-f718-4b91-84cc41a4631a, uri=ws://localhost:7171/ws/stream]
2024-08-15T17:10:40.065+05:30 DEBUG 21900 --- [Interview-AI-Version2] [SpringApplicationShutdownHook] s.w.s.h.LoggingWebSocketHandlerDecorator : Transport error in StandardWebSocketSession[id=7098c153-e5a7-f718-4b91-84cc41a4631a, uri=ws://localhost:7171/ws/stream]

java.io.IOException: java.nio.channels.ClosedChannelException
	at org.apache.tomcat.websocket.WsRemoteEndpointImplBase.sendMessageBlockInternal(WsRemoteEndpointImplBase.java:326) ~[tomcat-embed-websocket-10.1.26.jar:10.1.26]
	at org.apache.tomcat.websocket.WsRemoteEndpointImplBase.sendMessageBlock(WsRemoteEndpointImplBase.java:266) ~[tomcat-embed-websocket-10.1.26.jar:10.1.26]
	at org.apache.tomcat.websocket.WsSession.sendCloseMessage(WsSession.java:789) ~[tomcat-embed-websocket-10.1.26.jar:10.1.26]
	at org.apache.tomcat.websocket.WsSession.doClose(WsSession.java:589) ~[tomcat-embed-websocket-10.1.26.jar:10.1.26]
	at org.apache.tomcat.websocket.WsSession.doClose(WsSession.java:556) ~[tomcat-embed-websocket-10.1.26.jar:10.1.26]
	at org.apache.tomcat.websocket.WsSession.close(WsSession.java:544) ~[tomcat-embed-websocket-10.1.26.jar:10.1.26]
	at org.apache.tomcat.websocket.WsWebSocketContainer.destroy(WsWebSocketContainer.java:1024) ~[tomcat-embed-websocket-10.1.26.jar:10.1.26]
	at org.apache.tomcat.websocket.server.WsContextListener.contextDestroyed(WsContextListener.java:46) ~[tomcat-embed-websocket-10.1.26.jar:10.1.26]
	at org.apache.catalina.core.StandardContext.listenerStop(StandardContext.java:4041) ~[tomcat-embed-core-10.1.26.jar:10.1.26]
	at org.apache.catalina.core.StandardContext.stopInternal(StandardContext.java:4650) ~[tomcat-embed-core-10.1.26.jar:10.1.26]
	at org.apache.catalina.util.LifecycleBase.stop(LifecycleBase.java:231) ~[tomcat-embed-core-10.1.26.jar:10.1.26]
	at org.apache.catalina.core.ContainerBase$StopChild.call(ContainerBase.java:1219) ~[tomcat-embed-core-10.1.26.jar:10.1.26]
	at org.apache.catalina.core.ContainerBase$StopChild.call(ContainerBase.java:1208) ~[tomcat-embed-core-10.1.26.jar:10.1.26]
	at java.base/java.util.concurrent.FutureTask.run(FutureTask.java:264) ~[na:na]
	at org.apache.tomcat.util.threads.InlineExecutorService.execute(InlineExecutorService.java:75) ~[tomcat-embed-core-10.1.26.jar:10.1.26]
	at java.base/java.util.concurrent.AbstractExecutorService.submit(AbstractExecutorService.java:145) ~[na:na]
	at org.apache.catalina.core.ContainerBase.stopInternal(ContainerBase.java:814) ~[tomcat-embed-core-10.1.26.jar:10.1.26]
	at org.apache.catalina.util.LifecycleBase.stop(LifecycleBase.java:231) ~[tomcat-embed-core-10.1.26.jar:10.1.26]
	at org.apache.catalina.core.ContainerBase$StopChild.call(ContainerBase.java:1219) ~[tomcat-embed-core-10.1.26.jar:10.1.26]
	at org.apache.catalina.core.ContainerBase$StopChild.call(ContainerBase.java:1208) ~[tomcat-embed-core-10.1.26.jar:10.1.26]
	at java.base/java.util.concurrent.FutureTask.run(FutureTask.java:264) ~[na:na]
	at org.apache.tomcat.util.threads.InlineExecutorService.execute(InlineExecutorService.java:75) ~[tomcat-embed-core-10.1.26.jar:10.1.26]
	at java.base/java.util.concurrent.AbstractExecutorService.submit(AbstractExecutorService.java:145) ~[na:na]
	at org.apache.catalina.core.ContainerBase.stopInternal(ContainerBase.java:814) ~[tomcat-embed-core-10.1.26.jar:10.1.26]
	at org.apache.catalina.util.LifecycleBase.stop(LifecycleBase.java:231) ~[tomcat-embed-core-10.1.26.jar:10.1.26]
	at org.apache.catalina.core.StandardService.stopInternal(StandardService.java:471) ~[tomcat-embed-core-10.1.26.jar:10.1.26]
	at org.apache.catalina.util.LifecycleBase.stop(LifecycleBase.java:231) ~[tomcat-embed-core-10.1.26.jar:10.1.26]
	at org.apache.catalina.core.StandardServer.stopInternal(StandardServer.java:919) ~[tomcat-embed-core-10.1.26.jar:10.1.26]
	at org.apache.catalina.util.LifecycleBase.stop(LifecycleBase.java:231) ~[tomcat-embed-core-10.1.26.jar:10.1.26]
	at org.apache.catalina.startup.Tomcat.stop(Tomcat.java:447) ~[tomcat-embed-core-10.1.26.jar:10.1.26]
	at org.springframework.boot.web.embedded.tomcat.TomcatWebServer.stopTomcat(TomcatWebServer.java:301) ~[spring-boot-3.3.2.jar:3.3.2]
	at org.springframework.boot.web.embedded.tomcat.TomcatWebServer.destroy(TomcatWebServer.java:374) ~[spring-boot-3.3.2.jar:3.3.2]
	at org.springframework.boot.web.servlet.context.ServletWebServerApplicationContext.doClose(ServletWebServerApplicationContext.java:177) ~[spring-boot-3.3.2.jar:3.3.2]
	at org.springframework.context.support.AbstractApplicationContext.close(AbstractApplicationContext.java:1102) ~[spring-context-6.1.11.jar:6.1.11]
	at org.springframework.boot.SpringApplicationShutdownHook.closeAndWait(SpringApplicationShutdownHook.java:145) ~[spring-boot-3.3.2.jar:3.3.2]
	at java.base/java.lang.Iterable.forEach(Iterable.java:75) ~[na:na]
	at org.springframework.boot.SpringApplicationShutdownHook.run(SpringApplicationShutdownHook.java:114) ~[spring-boot-3.3.2.jar:3.3.2]
	at java.base/java.lang.Thread.run(Thread.java:842) ~[na:na]
Caused by: java.nio.channels.ClosedChannelException: null
	at org.apache.tomcat.util.net.NioChannel$1.write(NioChannel.java:273) ~[tomcat-embed-core-10.1.26.jar:10.1.26]
	at org.apache.tomcat.util.net.NioEndpoint$NioSocketWrapper$NioOperationState.run(NioEndpoint.java:1632) ~[tomcat-embed-core-10.1.26.jar:10.1.26]
	at org.apache.tomcat.util.net.SocketWrapperBase$OperationState.start(SocketWrapperBase.java:1051) ~[tomcat-embed-core-10.1.26.jar:10.1.26]
	at org.apache.tomcat.util.net.SocketWrapperBase.vectoredOperation(SocketWrapperBase.java:1440) ~[tomcat-embed-core-10.1.26.jar:10.1.26]
	at org.apache.tomcat.util.net.SocketWrapperBase.write(SocketWrapperBase.java:1366) ~[tomcat-embed-core-10.1.26.jar:10.1.26]
	at org.apache.tomcat.util.net.SocketWrapperBase.write(SocketWrapperBase.java:1337) ~[tomcat-embed-core-10.1.26.jar:10.1.26]
	at org.apache.tomcat.websocket.server.WsRemoteEndpointImplServer.doWrite(WsRemoteEndpointImplServer.java:171) ~[tomcat-embed-websocket-10.1.26.jar:10.1.26]
	at org.apache.tomcat.websocket.WsRemoteEndpointImplBase.writeMessagePart(WsRemoteEndpointImplBase.java:521) ~[tomcat-embed-websocket-10.1.26.jar:10.1.26]
	at org.apache.tomcat.websocket.WsRemoteEndpointImplBase.sendMessageBlockInternal(WsRemoteEndpointImplBase.java:313) ~[tomcat-embed-websocket-10.1.26.jar:10.1.26]
	... 37 common frames omitted

2024-08-15T17:10:40.086+05:30 ERROR 21900 --- [Interview-AI-Version2] [SpringApplicationShutdownHook] c.i.a.v2.handler.AudioWebSocketHandler   : WebSocket transport error

java.io.IOException: java.nio.channels.ClosedChannelException
	at org.apache.tomcat.websocket.WsRemoteEndpointImplBase.sendMessageBlockInternal(WsRemoteEndpointImplBase.java:326) ~[tomcat-embed-websocket-10.1.26.jar:10.1.26]
	at org.apache.tomcat.websocket.WsRemoteEndpointImplBase.sendMessageBlock(WsRemoteEndpointImplBase.java:266) ~[tomcat-embed-websocket-10.1.26.jar:10.1.26]
	at org.apache.tomcat.websocket.WsSession.sendCloseMessage(WsSession.java:789) ~[tomcat-embed-websocket-10.1.26.jar:10.1.26]
	at org.apache.tomcat.websocket.WsSession.doClose(WsSession.java:589) ~[tomcat-embed-websocket-10.1.26.jar:10.1.26]
	at org.apache.tomcat.websocket.WsSession.doClose(WsSession.java:556) ~[tomcat-embed-websocket-10.1.26.jar:10.1.26]
	at org.apache.tomcat.websocket.WsSession.close(WsSession.java:544) ~[tomcat-embed-websocket-10.1.26.jar:10.1.26]
	at org.apache.tomcat.websocket.WsWebSocketContainer.destroy(WsWebSocketContainer.java:1024) ~[tomcat-embed-websocket-10.1.26.jar:10.1.26]
	at org.apache.tomcat.websocket.server.WsContextListener.contextDestroyed(WsContextListener.java:46) ~[tomcat-embed-websocket-10.1.26.jar:10.1.26]
	at org.apache.catalina.core.StandardContext.listenerStop(StandardContext.java:4041) ~[tomcat-embed-core-10.1.26.jar:10.1.26]
	at org.apache.catalina.core.StandardContext.stopInternal(StandardContext.java:4650) ~[tomcat-embed-core-10.1.26.jar:10.1.26]
	at org.apache.catalina.util.LifecycleBase.stop(LifecycleBase.java:231) ~[tomcat-embed-core-10.1.26.jar:10.1.26]
	at org.apache.catalina.core.ContainerBase$StopChild.call(ContainerBase.java:1219) ~[tomcat-embed-core-10.1.26.jar:10.1.26]
	at org.apache.catalina.core.ContainerBase$StopChild.call(ContainerBase.java:1208) ~[tomcat-embed-core-10.1.26.jar:10.1.26]
	at java.base/java.util.concurrent.FutureTask.run(FutureTask.java:264) ~[na:na]
	at org.apache.tomcat.util.threads.InlineExecutorService.execute(InlineExecutorService.java:75) ~[tomcat-embed-core-10.1.26.jar:10.1.26]
	at java.base/java.util.concurrent.AbstractExecutorService.submit(AbstractExecutorService.java:145) ~[na:na]
	at org.apache.catalina.core.ContainerBase.stopInternal(ContainerBase.java:814) ~[tomcat-embed-core-10.1.26.jar:10.1.26]
	at org.apache.catalina.util.LifecycleBase.stop(LifecycleBase.java:231) ~[tomcat-embed-core-10.1.26.jar:10.1.26]
	at org.apache.catalina.core.ContainerBase$StopChild.call(ContainerBase.java:1219) ~[tomcat-embed-core-10.1.26.jar:10.1.26]
	at org.apache.catalina.core.ContainerBase$StopChild.call(ContainerBase.java:1208) ~[tomcat-embed-core-10.1.26.jar:10.1.26]
	at java.base/java.util.concurrent.FutureTask.run(FutureTask.java:264) ~[na:na]
	at org.apache.tomcat.util.threads.InlineExecutorService.execute(InlineExecutorService.java:75) ~[tomcat-embed-core-10.1.26.jar:10.1.26]
	at java.base/java.util.concurrent.AbstractExecutorService.submit(AbstractExecutorService.java:145) ~[na:na]
	at org.apache.catalina.core.ContainerBase.stopInternal(ContainerBase.java:814) ~[tomcat-embed-core-10.1.26.jar:10.1.26]
	at org.apache.catalina.util.LifecycleBase.stop(LifecycleBase.java:231) ~[tomcat-embed-core-10.1.26.jar:10.1.26]
	at org.apache.catalina.core.StandardService.stopInternal(StandardService.java:471) ~[tomcat-embed-core-10.1.26.jar:10.1.26]
	at org.apache.catalina.util.LifecycleBase.stop(LifecycleBase.java:231) ~[tomcat-embed-core-10.1.26.jar:10.1.26]
	at org.apache.catalina.core.StandardServer.stopInternal(StandardServer.java:919) ~[tomcat-embed-core-10.1.26.jar:10.1.26]
	at org.apache.catalina.util.LifecycleBase.stop(LifecycleBase.java:231) ~[tomcat-embed-core-10.1.26.jar:10.1.26]
	at org.apache.catalina.startup.Tomcat.stop(Tomcat.java:447) ~[tomcat-embed-core-10.1.26.jar:10.1.26]
	at org.springframework.boot.web.embedded.tomcat.TomcatWebServer.stopTomcat(TomcatWebServer.java:301) ~[spring-boot-3.3.2.jar:3.3.2]
	at org.springframework.boot.web.embedded.tomcat.TomcatWebServer.destroy(TomcatWebServer.java:374) ~[spring-boot-3.3.2.jar:3.3.2]
	at org.springframework.boot.web.servlet.context.ServletWebServerApplicationContext.doClose(ServletWebServerApplicationContext.java:177) ~[spring-boot-3.3.2.jar:3.3.2]
	at org.springframework.context.support.AbstractApplicationContext.close(AbstractApplicationContext.java:1102) ~[spring-context-6.1.11.jar:6.1.11]
	at org.springframework.boot.SpringApplicationShutdownHook.closeAndWait(SpringApplicationShutdownHook.java:145) ~[spring-boot-3.3.2.jar:3.3.2]
	at java.base/java.lang.Iterable.forEach(Iterable.java:75) ~[na:na]
	at org.springframework.boot.SpringApplicationShutdownHook.run(SpringApplicationShutdownHook.java:114) ~[spring-boot-3.3.2.jar:3.3.2]
	at java.base/java.lang.Thread.run(Thread.java:842) ~[na:na]
Caused by: java.nio.channels.ClosedChannelException: null
	at org.apache.tomcat.util.net.NioChannel$1.write(NioChannel.java:273) ~[tomcat-embed-core-10.1.26.jar:10.1.26]
	at org.apache.tomcat.util.net.NioEndpoint$NioSocketWrapper$NioOperationState.run(NioEndpoint.java:1632) ~[tomcat-embed-core-10.1.26.jar:10.1.26]
	at org.apache.tomcat.util.net.SocketWrapperBase$OperationState.start(SocketWrapperBase.java:1051) ~[tomcat-embed-core-10.1.26.jar:10.1.26]
	at org.apache.tomcat.util.net.SocketWrapperBase.vectoredOperation(SocketWrapperBase.java:1440) ~[tomcat-embed-core-10.1.26.jar:10.1.26]
	at org.apache.tomcat.util.net.SocketWrapperBase.write(SocketWrapperBase.java:1366) ~[tomcat-embed-core-10.1.26.jar:10.1.26]
	at org.apache.tomcat.util.net.SocketWrapperBase.write(SocketWrapperBase.java:1337) ~[tomcat-embed-core-10.1.26.jar:10.1.26]
	at org.apache.tomcat.websocket.server.WsRemoteEndpointImplServer.doWrite(WsRemoteEndpointImplServer.java:171) ~[tomcat-embed-websocket-10.1.26.jar:10.1.26]
	at org.apache.tomcat.websocket.WsRemoteEndpointImplBase.writeMessagePart(WsRemoteEndpointImplBase.java:521) ~[tomcat-embed-websocket-10.1.26.jar:10.1.26]
	at org.apache.tomcat.websocket.WsRemoteEndpointImplBase.sendMessageBlockInternal(WsRemoteEndpointImplBase.java:313) ~[tomcat-embed-websocket-10.1.26.jar:10.1.26]
	... 37 common frames omitted

2024-08-15T17:10:40.088+05:30 DEBUG 21900 --- [Interview-AI-Version2] [SpringApplicationShutdownHook] o.s.w.s.adapter.NativeWebSocketSession   : Closing StandardWebSocketSession[id=7098c153-e5a7-f718-4b91-84cc41a4631a, uri=ws://localhost:7171/ws/stream]
2024-08-15T17:10:40.088+05:30 DEBUG 21900 --- [Interview-AI-Version2] [SpringApplicationShutdownHook] s.w.s.h.LoggingWebSocketHandlerDecorator : StandardWebSocketSession[id=7098c153-e5a7-f718-4b91-84cc41a4631a, uri=ws://localhost:7171/ws/stream] closed with CloseStatus[code=1001, reason=The web application is stopping]
2024-08-15T22:28:31.561+05:30  INFO 27512 --- [Interview-AI-Version2] [main] c.i.a.v2.InterviewAiVersion2Application  : Starting InterviewAiVersion2Application using Java 17.0.10 with PID 27512 (D:\Development\Java Development\August 2024\Interview-AI-V2\Interview-AI-Version2\target\classes started by ddsha in D:\Development\Java Development\August 2024\Interview-AI-V2\Interview-AI-Version2)
2024-08-15T22:28:31.566+05:30  INFO 27512 --- [Interview-AI-Version2] [main] c.i.a.v2.InterviewAiVersion2Application  : No active profile set, falling back to 1 default profile: "default"
2024-08-15T22:28:34.379+05:30  INFO 27512 --- [Interview-AI-Version2] [main] o.s.b.w.embedded.tomcat.TomcatWebServer  : Tomcat initialized with port 7171 (http)
2024-08-15T22:28:34.412+05:30  INFO 27512 --- [Interview-AI-Version2] [main] o.apache.catalina.core.StandardService   : Starting service [Tomcat]
2024-08-15T22:28:34.412+05:30  INFO 27512 --- [Interview-AI-Version2] [main] o.apache.catalina.core.StandardEngine    : Starting Servlet engine: [Apache Tomcat/10.1.26]
2024-08-15T22:28:34.572+05:30  INFO 27512 --- [Interview-AI-Version2] [main] o.a.c.c.C.[Tomcat].[localhost].[/]       : Initializing Spring embedded WebApplicationContext
2024-08-15T22:28:34.573+05:30  INFO 27512 --- [Interview-AI-Version2] [main] w.s.c.ServletWebServerApplicationContext : Root WebApplicationContext: initialization completed in 2910 ms
2024-08-15T22:28:34.868+05:30 DEBUG 27512 --- [Interview-AI-Version2] [main] o.s.w.s.s.s.WebSocketHandlerMapping      : Patterns [/ws/stream] in 'webSocketHandlerMapping'
2024-08-15T22:28:34.970+05:30  INFO 27512 --- [Interview-AI-Version2] [main] o.s.b.a.w.s.WelcomePageHandlerMapping    : Adding welcome page: class path resource [static/index.html]
2024-08-15T22:28:35.497+05:30  INFO 27512 --- [Interview-AI-Version2] [main] o.s.b.w.embedded.tomcat.TomcatWebServer  : Tomcat started on port 7171 (http) with context path '/'
2024-08-15T22:28:35.514+05:30  INFO 27512 --- [Interview-AI-Version2] [main] c.i.a.v2.InterviewAiVersion2Application  : Started InterviewAiVersion2Application in 4.766 seconds (process running for 5.705)
